ruby: No such file or directory -- enso.rb (LoadError)
ruby: No such file or directory -- enso.rb (LoadError)
ruby: No such file or directory -- enso.rb (LoadError)
ruby: No such file or directory -- enso.rb (LoadError)
ruby: No such file or directory -- enso.rb (LoadError)
ruby: No such file or directory -- enso.rb (LoadError)
ruby: No such file or directory -- enso.rb (LoadError)
ruby: No such file or directory -- enso.rb (LoadError)
ruby: No such file or directory -- enso.rb (LoadError)
ruby: No such file or directory -- enso.rb (LoadError)
ruby: No such file or directory -- enso.rb (LoadError)
ruby: No such file or directory -- enso.rb (LoadError)
ruby: No such file or directory -- enso.rb (LoadError)
ruby: No such file or directory -- enso.rb (LoadError)
ruby: No such file or directory -- enso.rb (LoadError)
ruby: No such file or directory -- enso.rb (LoadError)
/var/lib/gems/2.3.0/gems/telegram-bot-ruby-0.8.6/lib/telegram/bot/api.rb:76:in `call': Telegram API has returned the error. (ok: "false", error_code: "409", description: "Conflict: terminated by other long poll or webhook") (Telegram::Bot::Exceptions::ResponseError)
	from /var/lib/gems/2.3.0/gems/telegram-bot-ruby-0.8.6/lib/telegram/bot/api.rb:60:in `method_missing'
	from /var/lib/gems/2.3.0/gems/telegram-bot-ruby-0.8.6/lib/telegram/bot/client.rb:30:in `fetch_updates'
	from /var/lib/gems/2.3.0/gems/telegram-bot-ruby-0.8.6/lib/telegram/bot/client.rb:25:in `listen'
	from /root/Downloads/ruby_bot/enso.rb:8:in `block in <main>'
	from /var/lib/gems/2.3.0/gems/telegram-bot-ruby-0.8.6/lib/telegram/bot/client.rb:18:in `run'
	from /var/lib/gems/2.3.0/gems/telegram-bot-ruby-0.8.6/lib/telegram/bot/client.rb:8:in `run'
	from /root/Downloads/ruby_bot/enso.rb:7:in `<main>'
/var/lib/gems/2.3.0/gems/telegram-bot-ruby-0.8.6/lib/telegram/bot/api.rb:76:in `call': Telegram API has returned the error. (ok: "false", error_code: "409", description: "Conflict: terminated by other long poll or webhook") (Telegram::Bot::Exceptions::ResponseError)
	from /var/lib/gems/2.3.0/gems/telegram-bot-ruby-0.8.6/lib/telegram/bot/api.rb:60:in `method_missing'
	from /var/lib/gems/2.3.0/gems/telegram-bot-ruby-0.8.6/lib/telegram/bot/client.rb:30:in `fetch_updates'
	from /var/lib/gems/2.3.0/gems/telegram-bot-ruby-0.8.6/lib/telegram/bot/client.rb:25:in `listen'
	from /root/Downloads/ruby_bot/enso.rb:8:in `block in <main>'
	from /var/lib/gems/2.3.0/gems/telegram-bot-ruby-0.8.6/lib/telegram/bot/client.rb:18:in `run'
	from /var/lib/gems/2.3.0/gems/telegram-bot-ruby-0.8.6/lib/telegram/bot/client.rb:8:in `run'
	from /root/Downloads/ruby_bot/enso.rb:7:in `<main>'
